<?xml version="1.0" encoding="UTF-8" ?>
<testsuite tests="2" failures="0" name="com.wisely.highlight_springmvc4.web.ch4_6.TestControllerIntegrationTests" time="0.044" errors="0" skipped="0">
  <properties>
[...]
</properties>
  <testcase classname="com.wisely.highlight_springmvc4.web.ch4_6.TestControllerIntegrationTests" name="testNormalController" time="0.043"/>
  <testcase classname="com.wisely.highlight_springmvc4.web.ch4_6.TestControllerIntegrationTests" name="testMyRestController" time="0.001"/>
</testsuite>